<?xml version="1.0" encoding="utf-8"?><testsuites name="pytest tests"><testsuite name="pytest" errors="0" failures="0" skipped="0" tests="21" time="34.208" timestamp="2026-05-28T03:20:44.977820+00:00" hostname="agent-env-063714db-e736-4c06-956c-09312ea55d20"><testcase classname="backend.tests.backend_test" name="test_health" time="0.189" /><testcase classname="backend.tests.backend_test" name="test_login_all_demo_users" time="0.847" /><testcase classname="backend.tests.backend_test" name="test_login_invalid" time="0.066" /><testcase classname="backend.tests.backend_test" name="test_auth_me" time="0.174" /><testcase classname="backend.tests.backend_test" name="test_auth_me_no_token" time="0.049" /><testcase classname="backend.tests.backend_test" name="test_rbac_users_hr_denied" time="0.048" /><testcase classname="backend.tests.backend_test" name="test_rbac_users_admin_ok" time="0.055" /><testcase classname="backend.tests.backend_test" name="test_rbac_providers_hr_denied" time="0.051" /><testcase classname="backend.tests.backend_test" name="test_rbac_providers_admin_ok" time="0.047" /><testcase classname="backend.tests.backend_test" name="test_create_user_admin" time="0.370" /><testcase classname="backend.tests.backend_test" name="test_dashboard_stats" time="0.106" /><testcase classname="backend.tests.backend_test" name="test_provider_test_connection" time="0.834" /><testcase classname="backend.tests.backend_test" name="test_create_job_triggers_extraction" time="3.066" /><testcase classname="backend.tests.backend_test" name="test_create_job_short_jd_rejected" time="0.049" /><testcase classname="backend.tests.backend_test" name="test_list_jobs" time="0.063" /><testcase classname="backend.tests.backend_test" name="test_get_job_detail" time="0.057" /><testcase classname="backend.tests.backend_test" name="test_reextract_job" time="3.293" /><testcase classname="backend.tests.backend_test" name="test_upload_cv_and_screen" time="24.448" /><testcase classname="backend.tests.backend_test" name="test_get_screening_detail" time="0.055" /><testcase classname="backend.tests.backend_test" name="test_update_decision" time="0.060" /><testcase classname="backend.tests.backend_test" name="test_invalid_decision" time="0.048" /></testsuite></testsuites>